g:\qt\textnodedemo\textnodedemo\debug\vc120.pdb
g:\qt\textnodedemo\textnodedemo\debug\textnodedemo.obj
g:\qt\textnodedemo\textnodedemo\debug\main.obj
g:\qt\textnodedemo\textnodedemo\debug\moc_textnodedemo.obj
g:\qt\textnodedemo\textnodedemo\debug\qrc_textnodedemo.obj
g:\qt\textnodedemo\textnodedemo\generatedfiles\debug\moc_textnodedemo.cpp
g:\qt\textnodedemo\textnodedemo\generatedfiles\ui_textnodedemo.h
g:\qt\textnodedemo\textnodedemo\generatedfiles\qrc_textnodedemo.cpp
g:\qt\textnodedemo\win32\debug\textnodedemo.ilk
g:\qt\textnodedemo\win32\debug\textnodedemo.exe
g:\qt\textnodedemo\win32\debug\textnodedemo.pdb
g:\qt\textnodedemo\textnodedemo\debug\textnodedemo.tlog\cl.command.1.tlog
g:\qt\textnodedemo\textnodedemo\debug\textnodedemo.tlog\cl.read.1.tlog
g:\qt\textnodedemo\textnodedemo\debug\textnodedemo.tlog\cl.write.1.tlog
g:\qt\textnodedemo\textnodedemo\debug\textnodedemo.tlog\custombuild.command.1.tlog
g:\qt\textnodedemo\textnodedemo\debug\textnodedemo.tlog\custombuild.read.1.tlog
g:\qt\textnodedemo\textnodedemo\debug\textnodedemo.tlog\custombuild.write.1.tlog
g:\qt\textnodedemo\textnodedemo\debug\textnodedemo.tlog\link.command.1.tlog
g:\qt\textnodedemo\textnodedemo\debug\textnodedemo.tlog\link.read.1.tlog
g:\qt\textnodedemo\textnodedemo\debug\textnodedemo.tlog\link.write.1.tlog
