生成启动时间为 2016/4/17 10:07:45。
     1>项目“G:\Qt\TextNodeDemo\TextNodeDemo\TextNodeDemo.vcxproj”在节点 2 上(Rebuild 个目标)。
     1>CustomBuild:
         Moc'ing textnodedemo.h...
         Uic'ing textnodedemo.ui...
         Rcc'ing textnodedemo.qrc...
     1>RCC : warning : No resources in 'G:\Qt\TextNodeDemo\TextNodeDemo\textnodedemo.qrc'.
         
     1>C:\Program Files\MSBuild\Microsoft.Cpp\v4.0\V120\Microsoft.CppBuild.targets(935,5): warning MSB8027: Two or more files with the name of moc_textnodedemo.cpp will produce outputs to the same location. This can lead to an incorrect build result.  The files involved are GeneratedFiles\Debug\moc_textnodedemo.cpp, GeneratedFiles\Release\moc_textnodedemo.cpp.
       ClCompile:
         D:\Program Files\Microsoft Visual Studio 12.0\VC\bin\CL.exe /c /I.\GeneratedFiles /I. /ID:\Qt\Qt5.6.0\5.6\msvc2013\include /I.\GeneratedFiles\Debug /ID:\Qt\Qt5.6.0\5.6\msvc2013\include\QtCore /ID:\Qt\Qt5.6.0\5.6\msvc2013\include\QtGui /ID:\Qt\Qt5.6.0\5.6\msvc2013\include\QtWidgets /Zi /nologo /W1 /WX- /Od /Oy- /D CODE_ANALYSIS /D UNICODE /D WIN32 /D WIN64 /D QT_DLL /D QT_CORE_LIB /D QT_GUI_LIB /D QT_WIDGETS_LIB /Gm- /EHsc /MDd /GS /fp:precise /Zc:wchar_t /Zc:forScope /Fo"Debug\\" /Fd"Debug\vc120.pdb" /Gd /TP /analyze /analyze:plugin"D:\Program Files\Microsoft Visual Studio 12.0\VC\\bin\localespc.dll" /errorReport:prompt   /analyze:quiet GeneratedFiles\Debug\moc_textnodedemo.cpp main.cpp textnodedemo.cpp
         moc_textnodedemo.cpp
         main.cpp
         textnodedemo.cpp
         正在运行 C/C++ 代码分析...
         正在生成代码...
         D:\Program Files\Microsoft Visual Studio 12.0\VC\bin\CL.exe /c /I.\GeneratedFiles /I. /ID:\Qt\Qt5.6.0\5.6\msvc2013\include /I.\GeneratedFiles\Debug /ID:\Qt\Qt5.6.0\5.6\msvc2013\include\QtCore /ID:\Qt\Qt5.6.0\5.6\msvc2013\include\QtGui /ID:\Qt\Qt5.6.0\5.6\msvc2013\include\QtWidgets /Zi /nologo /W1 /WX- /Od /Oy- /D CODE_ANALYSIS /D UNICODE /D WIN32 /D WIN64 /D QT_DLL /D QT_CORE_LIB /D QT_GUI_LIB /D QT_WIDGETS_LIB /Gm- /EHsc /MDd /GS /fp:precise /Zc:wchar_t /Zc:forScope /Fo"Debug\\" /Fd"Debug\vc120.pdb" /Gd /TP /analyze /analyze:plugin"D:\Program Files\Microsoft Visual Studio 12.0\VC\\bin\localespc.dll" /errorReport:prompt   /analyze:quiet GeneratedFiles\qrc_textnodedemo.cpp
         qrc_textnodedemo.cpp
       Link:
         D:\Program Files\Microsoft Visual Studio 12.0\VC\bin\link.exe /ERRORREPORT:PROMPT /OUT:"G:\Qt\TextNodeDemo\Win32\Debug\\TextNodeDemo.exe" /NOLOGO /LIBPATH:D:\Qt\Qt5.6.0\5.6\msvc2013\lib qtmaind.lib Qt5Cored.lib Qt5Guid.lib Qt5Widgetsd.lib kernel32.lib user32.lib gdi32.lib winspool.lib comdlg32.lib advapi32.lib shell32.lib ole32.lib oleaut32.lib uuid.lib odbc32.lib odbccp32.lib /MANIFEST /MANIFESTUAC:"level='asInvoker' uiAccess='false'" /manifest:embed /DEBUG /PDB:"G:\Qt\TextNodeDemo\Win32\Debug\TextNodeDemo.pdb" /SUBSYSTEM:WINDOWS /TLBID:1 /DYNAMICBASE /NXCOMPAT /IMPLIB:"G:\Qt\TextNodeDemo\Win32\Debug\TextNodeDemo.lib" /MACHINE:X86 /SAFESEH Debug\moc_textnodedemo.obj
         Debug\qrc_textnodedemo.obj
         Debug\main.obj
         Debug\textnodedemo.obj
         TextNodeDemo.vcxproj -> G:\Qt\TextNodeDemo\Win32\Debug\TextNodeDemo.exe
     1>已完成生成项目“G:\Qt\TextNodeDemo\TextNodeDemo\TextNodeDemo.vcxproj”(Rebuild 个目标)的操作。

生成成功。

已用时间 00:00:37.20
